# JRE version: Java(TM) SE Runtime Environment (8.0_151-b12) (build 1.8.0_151-b12)
# Java VM: Java HotSpot(TM) 64-Bit Server VM (25.151-b12 mixed mode windows-amd64 compressed oops)
Heap:
 PSYoungGen      total 463872K, used 422055K [0x000000076b980000, 0x0000000790e80000, 0x00000007c0000000)
  eden space 437248K, 96% used [0x000000076b980000,0x00000007855a9ea0,0x0000000786480000)
  from space 26624K, 0% used [0x0000000786480000,0x0000000786480000,0x0000000787e80000)
  to   space 26624K, 0% used [0x000000078f480000,0x000000078f480000,0x0000000790e80000)
 ParOldGen       total 204288K, used 55908K [0x00000006c2c00000, 0x00000006cf380000, 0x000000076b980000)
  object space 204288K, 27% used [0x00000006c2c00000,0x00000006c62990f0,0x00000006cf380000)
 Metaspace       used 67410K, capacity 70295K, committed 70656K, reserved 1110016K
  class space    used 8577K, capacity 9091K, committed 9216K, reserved 1048576K
GC Heap History (10 events):
Event: 11.287 GC heap before
{Heap before GC invocations=12 (full 2):
 PSYoungGen      total 360448K, used 17797K [0x000000076b980000, 0x0000000784300000, 0x00000007c0000000)
  eden space 339968K, 0% used [0x000000076b980000,0x000000076b980000,0x0000000780580000)
  from space 20480K, 86% used [0x0000000781b00000,0x0000000782c61458,0x0000000782f00000)
  to   space 22016K, 0% used [0x0000000780580000,0x0000000780580000,0x0000000781b00000)
 ParOldGen       total 94208K, used 20846K [0x00000006c2c00000, 0x00000006c8800000, 0x000000076b980000)
  object space 94208K, 22% used [0x00000006c2c00000,0x00000006c405ba80,0x00000006c8800000)
 Metaspace       used 34512K, capacity 35479K, committed 35496K, reserved 1081344K
  class space    used 4260K, capacity 4480K, committed 4480K, reserved 1048576K
Event: 11.583 GC heap after
Heap after GC invocations=12 (full 2):
 PSYoungGen      total 360448K, used 0K [0x000000076b980000, 0x0000000784300000, 0x00000007c0000000)
  eden space 339968K, 0% used [0x000000076b980000,0x000000076b980000,0x0000000780580000)
  from space 20480K, 0% used [0x0000000781b00000,0x0000000781b00000,0x0000000782f00000)
  to   space 22016K, 0% used [0x0000000780580000,0x0000000780580000,0x0000000781b00000)
 ParOldGen       total 145920K, used 32699K [0x00000006c2c00000, 0x00000006cba80000, 0x000000076b980000)
  object space 145920K, 22% used [0x00000006c2c00000,0x00000006c4beeea0,0x00000006cba80000)
 Metaspace       used 34512K, capacity 35479K, committed 35496K, reserved 1081344K
  class space    used 4260K, capacity 4480K, committed 4480K, reserved 1048576K
}
Event: 22.260 GC heap before
{Heap before GC invocations=13 (full 2):
 PSYoungGen      total 360448K, used 339968K [0x000000076b980000, 0x0000000784300000, 0x00000007c0000000)
  eden space 339968K, 100% used [0x000000076b980000,0x0000000780580000,0x0000000780580000)
  from space 20480K, 0% used [0x0000000781b00000,0x0000000781b00000,0x0000000782f00000)
  to   space 22016K, 0% used [0x0000000780580000,0x0000000780580000,0x0000000781b00000)
 ParOldGen       total 145920K, used 32699K [0x00000006c2c00000, 0x00000006cba80000, 0x000000076b980000)
  object space 145920K, 22% used [0x00000006c2c00000,0x00000006c4beeea0,0x00000006cba80000)
 Metaspace       used 42653K, capacity 43945K, committed 44288K, reserved 1087488K
  class space    used 5500K, capacity 5766K, committed 5888K, reserved 1048576K
Event: 22.298 GC heap after
Heap after GC invocations=13 (full 2):
 PSYoungGen      total 361984K, used 22007K [0x000000076b980000, 0x0000000789e00000, 0x00000007c0000000)
  eden space 339968K, 0% used [0x000000076b980000,0x000000076b980000,0x0000000780580000)
  from space 22016K, 99% used [0x0000000780580000,0x0000000781afde88,0x0000000781b00000)
  to   space 25600K, 0% used [0x0000000788500000,0x0000000788500000,0x0000000789e00000)
 ParOldGen       total 145920K, used 34654K [0x00000006c2c00000, 0x00000006cba80000, 0x000000076b980000)
  object space 145920K, 23% used [0x00000006c2c00000,0x00000006c4dd7988,0x00000006cba80000)
 Metaspace       used 42653K, capacity 43945K, committed 44288K, reserved 1087488K
  class space    used 5500K, capacity 5766K, committed 5888K, reserved 1048576K
}
Event: 28.195 GC heap before
{Heap before GC invocations=14 (full 2):
 PSYoungGen      total 361984K, used 361975K [0x000000076b980000, 0x0000000789e00000, 0x00000007c0000000)
  eden space 339968K, 100% used [0x000000076b980000,0x0000000780580000,0x0000000780580000)
  from space 22016K, 99% used [0x0000000780580000,0x0000000781afde88,0x0000000781b00000)
  to   space 25600K, 0% used [0x0000000788500000,0x0000000788500000,0x0000000789e00000)
 ParOldGen       total 145920K, used 34654K [0x00000006c2c00000, 0x00000006cba80000, 0x000000076b980000)
  object space 145920K, 23% used [0x00000006c2c00000,0x00000006c4dd7988,0x00000006cba80000)
 Metaspace       used 55118K, capacity 57007K, committed 57216K, reserved 1099776K
  class space    used 6906K, capacity 7295K, committed 7296K, reserved 1048576K
Event: 28.228 GC heap after
Heap after GC invocations=14 (full 2):
 PSYoungGen      total 453632K, used 19480K [0x000000076b980000, 0x0000000789880000, 0x00000007c0000000)
  eden space 433664K, 0% used [0x000000076b980000,0x000000076b980000,0x0000000786100000)
  from space 19968K, 97% used [0x0000000788500000,0x0000000789806018,0x0000000789880000)
  to   space 26624K, 0% used [0x0000000786480000,0x0000000786480000,0x0000000787e80000)
 ParOldGen       total 145920K, used 46222K [0x00000006c2c00000, 0x00000006cba80000, 0x000000076b980000)
  object space 145920K, 31% used [0x00000006c2c00000,0x00000006c5923bc0,0x00000006cba80000)
 Metaspace       used 55118K, capacity 57007K, committed 57216K, reserved 1099776K
  class space    used 6906K, capacity 7295K, committed 7296K, reserved 1048576K
}
Event: 28.682 GC heap before
{Heap before GC invocations=15 (full 2):
 PSYoungGen      total 453632K, used 78070K [0x000000076b980000, 0x0000000789880000, 0x00000007c0000000)
  eden space 433664K, 13% used [0x000000076b980000,0x000000076f2b7a28,0x0000000786100000)
  from space 19968K, 97% used [0x0000000788500000,0x0000000789806018,0x0000000789880000)
  to   space 26624K, 0% used [0x0000000786480000,0x0000000786480000,0x0000000787e80000)
 ParOldGen       total 145920K, used 46222K [0x00000006c2c00000, 0x00000006cba80000, 0x000000076b980000)
  object space 145920K, 31% used [0x00000006c2c00000,0x00000006c5923bc0,0x00000006cba80000)
 Metaspace       used 57081K, capacity 58997K, committed 59160K, reserved 1101824K
  class space    used 7171K, capacity 7552K, committed 7552K, reserved 1048576K
Event: 28.696 GC heap after
Heap after GC invocations=15 (full 2):
 PSYoungGen      total 463872K, used 17645K [0x000000076b980000, 0x0000000790e80000, 0x00000007c0000000)
  eden space 437248K, 0% used [0x000000076b980000,0x000000076b980000,0x0000000786480000)
  from space 26624K, 66% used [0x0000000786480000,0x00000007875bb438,0x0000000787e80000)
  to   space 26624K, 0% used [0x000000078f480000,0x000000078f480000,0x0000000790e80000)
 ParOldGen       total 145920K, used 46238K [0x00000006c2c00000, 0x00000006cba80000, 0x000000076b980000)
  object space 145920K, 31% used [0x00000006c2c00000,0x00000006c5927bd0,0x00000006cba80000)
 Metaspace       used 57081K, capacity 58997K, committed 59160K, reserved 1101824K
  class space    used 7171K, capacity 7552K, committed 7552K, reserved 1048576K
}
Event: 28.696 GC heap before
{Heap before GC invocations=16 (full 3):
 PSYoungGen      total 463872K, used 17645K [0x000000076b980000, 0x0000000790e80000, 0x00000007c0000000)
  eden space 437248K, 0% used [0x000000076b980000,0x000000076b980000,0x0000000786480000)
  from space 26624K, 66% used [0x0000000786480000,0x00000007875bb438,0x0000000787e80000)
  to   space 26624K, 0% used [0x000000078f480000,0x000000078f480000,0x0000000790e80000)
 ParOldGen       total 145920K, used 46238K [0x00000006c2c00000, 0x00000006cba80000, 0x000000076b980000)
  object space 145920K, 31% used [0x00000006c2c00000,0x00000006c5927bd0,0x00000006cba80000)
 Metaspace       used 57081K, capacity 58997K, committed 59160K, reserved 1101824K
  class space    used 7171K, capacity 7552K, committed 7552K, reserved 1048576K
Event: 28.921 GC heap after
Heap after GC invocations=16 (full 3):
 PSYoungGen      total 463872K, used 0K [0x000000076b980000, 0x0000000790e80000, 0x00000007c0000000)
  eden space 437248K, 0% used [0x000000076b980000,0x000000076b980000,0x0000000786480000)
  from space 26624K, 0% used [0x0000000786480000,0x0000000786480000,0x0000000787e80000)
  to   space 26624K, 0% used [0x000000078f480000,0x000000078f480000,0x0000000790e80000)
 ParOldGen       total 204288K, used 55908K [0x00000006c2c00000, 0x00000006cf380000, 0x000000076b980000)
  object space 204288K, 27% used [0x00000006c2c00000,0x00000006c62990f0,0x00000006cf380000)
 Metaspace       used 57081K, capacity 58997K, committed 59160K, reserved 1101824K
  class space    used 7171K, capacity 7552K, committed 7552K, reserved 1048576K
}

