# JRE version: Java(TM) SE Runtime Environment (8.0_151-b12) (build 1.8.0_151-b12)
# Java VM: Java HotSpot(TM) 64-Bit Server VM (25.151-b12 mixed mode windows-amd64 compressed oops)
Heap:
 PSYoungGen      total 388096K, used 339981K [0x000000076b980000, 0x000000078ab80000, 0x00000007c0000000)
  eden space 370688K, 91% used [0x000000076b980000,0x0000000780583688,0x0000000782380000)
  from space 17408K, 0% used [0x0000000782380000,0x0000000782380000,0x0000000783480000)
  to   space 22528K, 0% used [0x0000000789580000,0x0000000789580000,0x000000078ab80000)
 ParOldGen       total 129024K, used 38734K [0x00000006c2c00000, 0x00000006caa00000, 0x000000076b980000)
  object space 129024K, 30% used [0x00000006c2c00000,0x00000006c51d3ae0,0x00000006caa00000)
 Metaspace       used 67516K, capacity 70593K, committed 70784K, reserved 1110016K
  class space    used 8979K, capacity 9518K, committed 9600K, reserved 1048576K
GC Heap History (10 events):
Event: 4.238 GC heap before
{Heap before GC invocations=8 (full 1):
 PSYoungGen      total 231424K, used 28105K [0x000000076b980000, 0x000000077b080000, 0x00000007c0000000)
  eden space 218112K, 6% used [0x000000076b980000,0x000000076c7f41d8,0x0000000778e80000)
  from space 13312K, 99% used [0x0000000779f80000,0x000000077ac7e3f0,0x000000077ac80000)
  to   space 17408K, 0% used [0x0000000778e80000,0x0000000778e80000,0x0000000779f80000)
 ParOldGen       total 88064K, used 11203K [0x00000006c2c00000, 0x00000006c8200000, 0x000000076b980000)
  object space 88064K, 12% used [0x00000006c2c00000,0x00000006c36f0fe0,0x00000006c8200000)
 Metaspace       used 34314K, capacity 35256K, committed 35416K, reserved 1079296K
  class space    used 4555K, capacity 4765K, committed 4864K, reserved 1048576K
Event: 4.246 GC heap after
Heap after GC invocations=8 (full 1):
 PSYoungGen      total 235520K, used 11406K [0x000000076b980000, 0x0000000784b00000, 0x00000007c0000000)
  eden space 218112K, 0% used [0x000000076b980000,0x000000076b980000,0x0000000778e80000)
  from space 17408K, 65% used [0x0000000778e80000,0x00000007799a3b20,0x0000000779f80000)
  to   space 17408K, 0% used [0x0000000783a00000,0x0000000783a00000,0x0000000784b00000)
 ParOldGen       total 88064K, used 11211K [0x00000006c2c00000, 0x00000006c8200000, 0x000000076b980000)
  object space 88064K, 12% used [0x00000006c2c00000,0x00000006c36f2fe0,0x00000006c8200000)
 Metaspace       used 34314K, capacity 35256K, committed 35416K, reserved 1079296K
  class space    used 4555K, capacity 4765K, committed 4864K, reserved 1048576K
}
Event: 4.246 GC heap before
{Heap before GC invocations=9 (full 2):
 PSYoungGen      total 235520K, used 11406K [0x000000076b980000, 0x0000000784b00000, 0x00000007c0000000)
  eden space 218112K, 0% used [0x000000076b980000,0x000000076b980000,0x0000000778e80000)
  from space 17408K, 65% used [0x0000000778e80000,0x00000007799a3b20,0x0000000779f80000)
  to   space 17408K, 0% used [0x0000000783a00000,0x0000000783a00000,0x0000000784b00000)
 ParOldGen       total 88064K, used 11211K [0x00000006c2c00000, 0x00000006c8200000, 0x000000076b980000)
  object space 88064K, 12% used [0x00000006c2c00000,0x00000006c36f2fe0,0x00000006c8200000)
 Metaspace       used 34314K, capacity 35256K, committed 35416K, reserved 1079296K
  class space    used 4555K, capacity 4765K, committed 4864K, reserved 1048576K
Event: 4.288 GC heap after
Heap after GC invocations=9 (full 2):
 PSYoungGen      total 235520K, used 0K [0x000000076b980000, 0x0000000784b00000, 0x00000007c0000000)
  eden space 218112K, 0% used [0x000000076b980000,0x000000076b980000,0x0000000778e80000)
  from space 17408K, 0% used [0x0000000778e80000,0x0000000778e80000,0x0000000779f80000)
  to   space 17408K, 0% used [0x0000000783a00000,0x0000000783a00000,0x0000000784b00000)
 ParOldGen       total 129024K, used 15623K [0x00000006c2c00000, 0x00000006caa00000, 0x000000076b980000)
  object space 129024K, 12% used [0x00000006c2c00000,0x00000006c3b41d60,0x00000006caa00000)
 Metaspace       used 34314K, capacity 35256K, committed 35416K, reserved 1079296K
  class space    used 4555K, capacity 4765K, committed 4864K, reserved 1048576K
}
Event: 6.469 GC heap before
{Heap before GC invocations=10 (full 2):
 PSYoungGen      total 235520K, used 218112K [0x000000076b980000, 0x0000000784b00000, 0x00000007c0000000)
  eden space 218112K, 100% used [0x000000076b980000,0x0000000778e80000,0x0000000778e80000)
  from space 17408K, 0% used [0x0000000778e80000,0x0000000778e80000,0x0000000779f80000)
  to   space 17408K, 0% used [0x0000000783a00000,0x0000000783a00000,0x0000000784b00000)
 ParOldGen       total 129024K, used 15623K [0x00000006c2c00000, 0x00000006caa00000, 0x000000076b980000)
  object space 129024K, 12% used [0x00000006c2c00000,0x00000006c3b41d60,0x00000006caa00000)
 Metaspace       used 39675K, capacity 41060K, committed 41344K, reserved 1085440K
  class space    used 5216K, capacity 5481K, committed 5504K, reserved 1048576K
Event: 6.481 GC heap after
Heap after GC invocations=10 (full 2):
 PSYoungGen      total 360448K, used 11361K [0x000000076b980000, 0x0000000784580000, 0x00000007c0000000)
  eden space 348672K, 0% used [0x000000076b980000,0x000000076b980000,0x0000000780e00000)
  from space 11776K, 96% used [0x0000000783a00000,0x0000000784518730,0x0000000784580000)
  to   space 17408K, 0% used [0x0000000782380000,0x0000000782380000,0x0000000783480000)
 ParOldGen       total 129024K, used 15631K [0x00000006c2c00000, 0x00000006caa00000, 0x000000076b980000)
  object space 129024K, 12% used [0x00000006c2c00000,0x00000006c3b43d60,0x00000006caa00000)
 Metaspace       used 39675K, capacity 41060K, committed 41344K, reserved 1085440K
  class space    used 5216K, capacity 5481K, committed 5504K, reserved 1048576K
}
Event: 9.745 GC heap before
{Heap before GC invocations=11 (full 2):
 PSYoungGen      total 360448K, used 345839K [0x000000076b980000, 0x0000000784580000, 0x00000007c0000000)
  eden space 348672K, 95% used [0x000000076b980000,0x0000000780023778,0x0000000780e00000)
  from space 11776K, 96% used [0x0000000783a00000,0x0000000784518730,0x0000000784580000)
  to   space 17408K, 0% used [0x0000000782380000,0x0000000782380000,0x0000000783480000)
 ParOldGen       total 129024K, used 15631K [0x00000006c2c00000, 0x00000006caa00000, 0x000000076b980000)
  object space 129024K, 12% used [0x00000006c2c00000,0x00000006c3b43d60,0x00000006caa00000)
 Metaspace       used 56832K, capacity 58967K, committed 59028K, reserved 1099776K
  class space    used 7462K, capacity 7875K, committed 7936K, reserved 1048576K
Event: 9.773 GC heap after
Heap after GC invocations=11 (full 2):
 PSYoungGen      total 388096K, used 17401K [0x000000076b980000, 0x000000078ab80000, 0x00000007c0000000)
  eden space 370688K, 0% used [0x000000076b980000,0x000000076b980000,0x0000000782380000)
  from space 17408K, 99% used [0x0000000782380000,0x000000078347e778,0x0000000783480000)
  to   space 22528K, 0% used [0x0000000789580000,0x0000000789580000,0x000000078ab80000)
 ParOldGen       total 129024K, used 23819K [0x00000006c2c00000, 0x00000006caa00000, 0x000000076b980000)
  object space 129024K, 18% used [0x00000006c2c00000,0x00000006c4342fe8,0x00000006caa00000)
 Metaspace       used 56832K, capacity 58967K, committed 59028K, reserved 1099776K
  class space    used 7462K, capacity 7875K, committed 7936K, reserved 1048576K
}
Event: 9.773 GC heap before
{Heap before GC invocations=12 (full 3):
 PSYoungGen      total 388096K, used 17401K [0x000000076b980000, 0x000000078ab80000, 0x00000007c0000000)
  eden space 370688K, 0% used [0x000000076b980000,0x000000076b980000,0x0000000782380000)
  from space 17408K, 99% used [0x0000000782380000,0x000000078347e778,0x0000000783480000)
  to   space 22528K, 0% used [0x0000000789580000,0x0000000789580000,0x000000078ab80000)
 ParOldGen       total 129024K, used 23819K [0x00000006c2c00000, 0x00000006caa00000, 0x000000076b980000)
  object space 129024K, 18% used [0x00000006c2c00000,0x00000006c4342fe8,0x00000006caa00000)
 Metaspace       used 56832K, capacity 58967K, committed 59028K, reserved 1099776K
  class space    used 7462K, capacity 7875K, committed 7936K, reserved 1048576K
Event: 9.931 GC heap after
Heap after GC invocations=12 (full 3):
 PSYoungGen      total 388096K, used 0K [0x000000076b980000, 0x000000078ab80000, 0x00000007c0000000)
  eden space 370688K, 0% used [0x000000076b980000,0x000000076b980000,0x0000000782380000)
  from space 17408K, 0% used [0x0000000782380000,0x0000000782380000,0x0000000783480000)
  to   space 22528K, 0% used [0x0000000789580000,0x0000000789580000,0x000000078ab80000)
 ParOldGen       total 129024K, used 38734K [0x00000006c2c00000, 0x00000006caa00000, 0x000000076b980000)
  object space 129024K, 30% used [0x00000006c2c00000,0x00000006c51d3ae0,0x00000006caa00000)
 Metaspace       used 56828K, capacity 58961K, committed 59028K, reserved 1099776K
  class space    used 7461K, capacity 7874K, committed 7936K, reserved 1048576K
}

