# JRE version: Java(TM) SE Runtime Environment (8.0_151-b12) (build 1.8.0_151-b12)
# Java VM: Java HotSpot(TM) 64-Bit Server VM (25.151-b12 mixed mode windows-amd64 compressed oops)
Heap:
 PSYoungGen      total 336896K, used 323643K [0x000000076b980000, 0x0000000781980000, 0x00000007c0000000)
  eden space 320512K, 96% used [0x000000076b980000,0x000000077e7ca0c0,0x000000077f280000)
  from space 16384K, 86% used [0x0000000780980000,0x0000000781744ec8,0x0000000781980000)
  to   space 19968K, 0% used [0x000000077f280000,0x000000077f280000,0x0000000780600000)
 ParOldGen       total 240128K, used 29313K [0x00000006c2c00000, 0x00000006d1680000, 0x000000076b980000)
  object space 240128K, 12% used [0x00000006c2c00000,0x00000006c48a07a8,0x00000006d1680000)
 Metaspace       used 80203K, capacity 83444K, committed 83584K, reserved 1122304K
  class space    used 9510K, capacity 10091K, committed 10112K, reserved 1048576K
GC Heap History (10 events):
Event: 23.013 GC heap before
{Heap before GC invocations=15 (full 2):
 PSYoungGen      total 229888K, used 229875K [0x000000076b980000, 0x000000077ae00000, 0x00000007c0000000)
  eden space 218112K, 100% used [0x000000076b980000,0x0000000778e80000,0x0000000778e80000)
  from space 11776K, 99% used [0x0000000779c00000,0x000000077a77cca8,0x000000077a780000)
  to   space 13824K, 0% used [0x0000000778e80000,0x0000000778e80000,0x0000000779c00000)
 ParOldGen       total 165376K, used 15183K [0x00000006c2c00000, 0x00000006ccd80000, 0x000000076b980000)
  object space 165376K, 9% used [0x00000006c2c00000,0x00000006c3ad3e98,0x00000006ccd80000)
 Metaspace       used 51802K, capacity 53872K, committed 54144K, reserved 1097728K
  class space    used 6007K, capacity 6441K, committed 6528K, reserved 1048576K
Event: 23.040 GC heap after
Heap after GC invocations=15 (full 2):
 PSYoungGen      total 231936K, used 13821K [0x000000076b980000, 0x000000077e400000, 0x00000007c0000000)
  eden space 218112K, 0% used [0x000000076b980000,0x000000076b980000,0x0000000778e80000)
  from space 13824K, 99% used [0x0000000778e80000,0x0000000779bff7d0,0x0000000779c00000)
  to   space 17408K, 0% used [0x000000077d300000,0x000000077d300000,0x000000077e400000)
 ParOldGen       total 165376K, used 20517K [0x00000006c2c00000, 0x00000006ccd80000, 0x000000076b980000)
  object space 165376K, 12% used [0x00000006c2c00000,0x00000006c40094a0,0x00000006ccd80000)
 Metaspace       used 51802K, capacity 53872K, committed 54144K, reserved 1097728K
  class space    used 6007K, capacity 6441K, committed 6528K, reserved 1048576K
}
Event: 24.352 GC heap before
{Heap before GC invocations=16 (full 2):
 PSYoungGen      total 231936K, used 126542K [0x000000076b980000, 0x000000077e400000, 0x00000007c0000000)
  eden space 218112K, 51% used [0x000000076b980000,0x00000007727942c8,0x0000000778e80000)
  from space 13824K, 99% used [0x0000000778e80000,0x0000000779bff7d0,0x0000000779c00000)
  to   space 17408K, 0% used [0x000000077d300000,0x000000077d300000,0x000000077e400000)
 ParOldGen       total 165376K, used 20517K [0x00000006c2c00000, 0x00000006ccd80000, 0x000000076b980000)
  object space 165376K, 12% used [0x00000006c2c00000,0x00000006c40094a0,0x00000006ccd80000)
 Metaspace       used 56905K, capacity 58958K, committed 59096K, reserved 1101824K
  class space    used 6620K, capacity 7020K, committed 7040K, reserved 1048576K
Event: 24.370 GC heap after
Heap after GC invocations=16 (full 2):
 PSYoungGen      total 285696K, used 17402K [0x000000076b980000, 0x000000077eb80000, 0x00000007c0000000)
  eden space 268288K, 0% used [0x000000076b980000,0x000000076b980000,0x000000077bf80000)
  from space 17408K, 99% used [0x000000077d300000,0x000000077e3feba0,0x000000077e400000)
  to   space 19968K, 0% used [0x000000077bf80000,0x000000077bf80000,0x000000077d300000)
 ParOldGen       total 165376K, used 20728K [0x00000006c2c00000, 0x00000006ccd80000, 0x000000076b980000)
  object space 165376K, 12% used [0x00000006c2c00000,0x00000006c403e3d8,0x00000006ccd80000)
 Metaspace       used 56905K, capacity 58958K, committed 59096K, reserved 1101824K
  class space    used 6620K, capacity 7020K, committed 7040K, reserved 1048576K
}
Event: 24.370 GC heap before
{Heap before GC invocations=17 (full 3):
 PSYoungGen      total 285696K, used 17402K [0x000000076b980000, 0x000000077eb80000, 0x00000007c0000000)
  eden space 268288K, 0% used [0x000000076b980000,0x000000076b980000,0x000000077bf80000)
  from space 17408K, 99% used [0x000000077d300000,0x000000077e3feba0,0x000000077e400000)
  to   space 19968K, 0% used [0x000000077bf80000,0x000000077bf80000,0x000000077d300000)
 ParOldGen       total 165376K, used 20728K [0x00000006c2c00000, 0x00000006ccd80000, 0x000000076b980000)
  object space 165376K, 12% used [0x00000006c2c00000,0x00000006c403e3d8,0x00000006ccd80000)
 Metaspace       used 56905K, capacity 58958K, committed 59096K, reserved 1101824K
  class space    used 6620K, capacity 7020K, committed 7040K, reserved 1048576K
Event: 24.582 GC heap after
Heap after GC invocations=17 (full 3):
 PSYoungGen      total 285696K, used 0K [0x000000076b980000, 0x000000077eb80000, 0x00000007c0000000)
  eden space 268288K, 0% used [0x000000076b980000,0x000000076b980000,0x000000077bf80000)
  from space 17408K, 0% used [0x000000077d300000,0x000000077d300000,0x000000077e400000)
  to   space 19968K, 0% used [0x000000077bf80000,0x000000077bf80000,0x000000077d300000)
 ParOldGen       total 240128K, used 29297K [0x00000006c2c00000, 0x00000006d1680000, 0x000000076b980000)
  object space 240128K, 12% used [0x00000006c2c00000,0x00000006c489c7a8,0x00000006d1680000)
 Metaspace       used 56905K, capacity 58958K, committed 59096K, reserved 1101824K
  class space    used 6620K, capacity 7020K, committed 7040K, reserved 1048576K
}
Event: 26.651 GC heap before
{Heap before GC invocations=18 (full 3):
 PSYoungGen      total 285696K, used 268288K [0x000000076b980000, 0x000000077eb80000, 0x00000007c0000000)
  eden space 268288K, 100% used [0x000000076b980000,0x000000077bf80000,0x000000077bf80000)
  from space 17408K, 0% used [0x000000077d300000,0x000000077d300000,0x000000077e400000)
  to   space 19968K, 0% used [0x000000077bf80000,0x000000077bf80000,0x000000077d300000)
 ParOldGen       total 240128K, used 29297K [0x00000006c2c00000, 0x00000006d1680000, 0x000000076b980000)
  object space 240128K, 12% used [0x00000006c2c00000,0x00000006c489c7a8,0x00000006d1680000)
 Metaspace       used 67147K, capacity 69524K, committed 69632K, reserved 1110016K
  class space    used 7956K, capacity 8419K, committed 8448K, reserved 1048576K
Event: 26.664 GC heap after
Heap after GC invocations=18 (full 3):
 PSYoungGen      total 288256K, used 10413K [0x000000076b980000, 0x0000000781c80000, 0x00000007c0000000)
  eden space 268288K, 0% used [0x000000076b980000,0x000000076b980000,0x000000077bf80000)
  from space 19968K, 52% used [0x000000077bf80000,0x000000077c9ab408,0x000000077d300000)
  to   space 19456K, 0% used [0x0000000780980000,0x0000000780980000,0x0000000781c80000)
 ParOldGen       total 240128K, used 29305K [0x00000006c2c00000, 0x00000006d1680000, 0x000000076b980000)
  object space 240128K, 12% used [0x00000006c2c00000,0x00000006c489e7a8,0x00000006d1680000)
 Metaspace       used 67147K, capacity 69524K, committed 69632K, reserved 1110016K
  class space    used 7956K, capacity 8419K, committed 8448K, reserved 1048576K
}
Event: 29.495 GC heap before
{Heap before GC invocations=19 (full 3):
 PSYoungGen      total 288256K, used 278701K [0x000000076b980000, 0x0000000781c80000, 0x00000007c0000000)
  eden space 268288K, 100% used [0x000000076b980000,0x000000077bf80000,0x000000077bf80000)
  from space 19968K, 52% used [0x000000077bf80000,0x000000077c9ab408,0x000000077d300000)
  to   space 19456K, 0% used [0x0000000780980000,0x0000000780980000,0x0000000781c80000)
 ParOldGen       total 240128K, used 29305K [0x00000006c2c00000, 0x00000006d1680000, 0x000000076b980000)
  object space 240128K, 12% used [0x00000006c2c00000,0x00000006c489e7a8,0x00000006d1680000)
 Metaspace       used 72626K, capacity 75632K, committed 75776K, reserved 1116160K
  class space    used 8642K, capacity 9213K, committed 9216K, reserved 1048576K
Event: 29.512 GC heap after
Heap after GC invocations=19 (full 3):
 PSYoungGen      total 336896K, used 14099K [0x000000076b980000, 0x0000000781980000, 0x00000007c0000000)
  eden space 320512K, 0% used [0x000000076b980000,0x000000076b980000,0x000000077f280000)
  from space 16384K, 86% used [0x0000000780980000,0x0000000781744ec8,0x0000000781980000)
  to   space 19968K, 0% used [0x000000077f280000,0x000000077f280000,0x0000000780600000)
 ParOldGen       total 240128K, used 29313K [0x00000006c2c00000, 0x00000006d1680000, 0x000000076b980000)
  object space 240128K, 12% used [0x00000006c2c00000,0x00000006c48a07a8,0x00000006d1680000)
 Metaspace       used 72626K, capacity 75632K, committed 75776K, reserved 1116160K
  class space    used 8642K, capacity 9213K, committed 9216K, reserved 1048576K
}

