# JRE version: Java(TM) SE Runtime Environment (8.0_151-b12) (build 1.8.0_151-b12)
# Java VM: Java HotSpot(TM) 64-Bit Server VM (25.151-b12 mixed mode windows-amd64 compressed oops)
Heap:
 PSYoungGen      total 140800K, used 43742K [0x000000076b980000, 0x0000000774d80000, 0x00000007c0000000)
  eden space 130048K, 25% used [0x000000076b980000,0x000000076d9b88e8,0x0000000773880000)
  from space 10752K, 99% used [0x0000000773880000,0x00000007742ff130,0x0000000774300000)
  to   space 10752K, 0% used [0x0000000774300000,0x0000000774300000,0x0000000774d80000)
 ParOldGen       total 124928K, used 19687K [0x00000006c2c00000, 0x00000006ca600000, 0x000000076b980000)
  object space 124928K, 15% used [0x00000006c2c00000,0x00000006c3f39de0,0x00000006ca600000)
 Metaspace       used 43281K, capacity 44816K, committed 45056K, reserved 1089536K
  class space    used 5550K, capacity 5863K, committed 5888K, reserved 1048576K
GC Heap History (10 events):
Event: 4.370 GC heap before
{Heap before GC invocations=7 (full 1):
 PSYoungGen      total 140800K, used 140768K [0x000000076b980000, 0x0000000774d80000, 0x00000007c0000000)
  eden space 130048K, 100% used [0x000000076b980000,0x0000000773880000,0x0000000773880000)
  from space 10752K, 99% used [0x0000000773880000,0x00000007742f8170,0x0000000774300000)
  to   space 10752K, 0% used [0x0000000774300000,0x0000000774300000,0x0000000774d80000)
 ParOldGen       total 84480K, used 7517K [0x00000006c2c00000, 0x00000006c7e80000, 0x000000076b980000)
  object space 84480K, 8% used [0x00000006c2c00000,0x00000006c33575d8,0x00000006c7e80000)
 Metaspace       used 33267K, capacity 34252K, committed 34432K, reserved 1079296K
  class space    used 4431K, capacity 4667K, committed 4736K, reserved 1048576K
Event: 4.380 GC heap after
Heap after GC invocations=7 (full 1):
 PSYoungGen      total 140800K, used 10742K [0x000000076b980000, 0x0000000774d80000, 0x00000007c0000000)
  eden space 130048K, 0% used [0x000000076b980000,0x000000076b980000,0x0000000773880000)
  from space 10752K, 99% used [0x0000000774300000,0x0000000774d7d900,0x0000000774d80000)
  to   space 10752K, 0% used [0x0000000773880000,0x0000000773880000,0x0000000774300000)
 ParOldGen       total 84480K, used 13283K [0x00000006c2c00000, 0x00000006c7e80000, 0x000000076b980000)
  object space 84480K, 15% used [0x00000006c2c00000,0x00000006c38f8fd8,0x00000006c7e80000)
 Metaspace       used 33267K, capacity 34252K, committed 34432K, reserved 1079296K
  class space    used 4431K, capacity 4667K, committed 4736K, reserved 1048576K
}
Event: 4.536 GC heap before
{Heap before GC invocations=8 (full 1):
 PSYoungGen      total 140800K, used 28174K [0x000000076b980000, 0x0000000774d80000, 0x00000007c0000000)
  eden space 130048K, 13% used [0x000000076b980000,0x000000076ca86148,0x0000000773880000)
  from space 10752K, 99% used [0x0000000774300000,0x0000000774d7d900,0x0000000774d80000)
  to   space 10752K, 0% used [0x0000000773880000,0x0000000773880000,0x0000000774300000)
 ParOldGen       total 84480K, used 13283K [0x00000006c2c00000, 0x00000006c7e80000, 0x000000076b980000)
  object space 84480K, 15% used [0x00000006c2c00000,0x00000006c38f8fd8,0x00000006c7e80000)
 Metaspace       used 34317K, capacity 35288K, committed 35416K, reserved 1079296K
  class space    used 4558K, capacity 4797K, committed 4864K, reserved 1048576K
Event: 4.543 GC heap after
Heap after GC invocations=8 (full 1):
 PSYoungGen      total 140800K, used 10750K [0x000000076b980000, 0x0000000774d80000, 0x00000007c0000000)
  eden space 130048K, 0% used [0x000000076b980000,0x000000076b980000,0x0000000773880000)
  from space 10752K, 99% used [0x0000000773880000,0x00000007742ffac0,0x0000000774300000)
  to   space 10752K, 0% used [0x0000000774300000,0x0000000774300000,0x0000000774d80000)
 ParOldGen       total 84480K, used 14208K [0x00000006c2c00000, 0x00000006c7e80000, 0x000000076b980000)
  object space 84480K, 16% used [0x00000006c2c00000,0x00000006c39e03c0,0x00000006c7e80000)
 Metaspace       used 34317K, capacity 35288K, committed 35416K, reserved 1079296K
  class space    used 4558K, capacity 4797K, committed 4864K, reserved 1048576K
}
Event: 4.543 GC heap before
{Heap before GC invocations=9 (full 2):
 PSYoungGen      total 140800K, used 10750K [0x000000076b980000, 0x0000000774d80000, 0x00000007c0000000)
  eden space 130048K, 0% used [0x000000076b980000,0x000000076b980000,0x0000000773880000)
  from space 10752K, 99% used [0x0000000773880000,0x00000007742ffac0,0x0000000774300000)
  to   space 10752K, 0% used [0x0000000774300000,0x0000000774300000,0x0000000774d80000)
 ParOldGen       total 84480K, used 14208K [0x00000006c2c00000, 0x00000006c7e80000, 0x000000076b980000)
  object space 84480K, 16% used [0x00000006c2c00000,0x00000006c39e03c0,0x00000006c7e80000)
 Metaspace       used 34317K, capacity 35288K, committed 35416K, reserved 1079296K
  class space    used 4558K, capacity 4797K, committed 4864K, reserved 1048576K
Event: 4.581 GC heap after
Heap after GC invocations=9 (full 2):
 PSYoungGen      total 140800K, used 0K [0x000000076b980000, 0x0000000774d80000, 0x00000007c0000000)
  eden space 130048K, 0% used [0x000000076b980000,0x000000076b980000,0x0000000773880000)
  from space 10752K, 0% used [0x0000000773880000,0x0000000773880000,0x0000000774300000)
  to   space 10752K, 0% used [0x0000000774300000,0x0000000774300000,0x0000000774d80000)
 ParOldGen       total 124928K, used 15889K [0x00000006c2c00000, 0x00000006ca600000, 0x000000076b980000)
  object space 124928K, 12% used [0x00000006c2c00000,0x00000006c3b84678,0x00000006ca600000)
 Metaspace       used 34317K, capacity 35288K, committed 35416K, reserved 1079296K
  class space    used 4558K, capacity 4797K, committed 4864K, reserved 1048576K
}
Event: 6.026 GC heap before
{Heap before GC invocations=10 (full 2):
 PSYoungGen      total 140800K, used 130039K [0x000000076b980000, 0x0000000774d80000, 0x00000007c0000000)
  eden space 130048K, 99% used [0x000000076b980000,0x000000077387df28,0x0000000773880000)
  from space 10752K, 0% used [0x0000000773880000,0x0000000773880000,0x0000000774300000)
  to   space 10752K, 0% used [0x0000000774300000,0x0000000774300000,0x0000000774d80000)
 ParOldGen       total 124928K, used 15889K [0x00000006c2c00000, 0x00000006ca600000, 0x000000076b980000)
  object space 124928K, 12% used [0x00000006c2c00000,0x00000006c3b84678,0x00000006ca600000)
 Metaspace       used 38449K, capacity 39830K, committed 39936K, reserved 1083392K
  class space    used 5056K, capacity 5310K, committed 5376K, reserved 1048576K
Event: 6.031 GC heap after
Heap after GC invocations=10 (full 2):
 PSYoungGen      total 140800K, used 7017K [0x000000076b980000, 0x0000000774d80000, 0x00000007c0000000)
  eden space 130048K, 0% used [0x000000076b980000,0x000000076b980000,0x0000000773880000)
  from space 10752K, 65% used [0x0000000774300000,0x00000007749da4f8,0x0000000774d80000)
  to   space 10752K, 0% used [0x0000000773880000,0x0000000773880000,0x0000000774300000)
 ParOldGen       total 124928K, used 15897K [0x00000006c2c00000, 0x00000006ca600000, 0x000000076b980000)
  object space 124928K, 12% used [0x00000006c2c00000,0x00000006c3b86678,0x00000006ca600000)
 Metaspace       used 38449K, capacity 39830K, committed 39936K, reserved 1083392K
  class space    used 5056K, capacity 5310K, committed 5376K, reserved 1048576K
}
Event: 7.544 GC heap before
{Heap before GC invocations=11 (full 2):
 PSYoungGen      total 140800K, used 137065K [0x000000076b980000, 0x0000000774d80000, 0x00000007c0000000)
  eden space 130048K, 100% used [0x000000076b980000,0x0000000773880000,0x0000000773880000)
  from space 10752K, 65% used [0x0000000774300000,0x00000007749da4f8,0x0000000774d80000)
  to   space 10752K, 0% used [0x0000000773880000,0x0000000773880000,0x0000000774300000)
 ParOldGen       total 124928K, used 15897K [0x00000006c2c00000, 0x00000006ca600000, 0x000000076b980000)
  object space 124928K, 12% used [0x00000006c2c00000,0x00000006c3b86678,0x00000006ca600000)
 Metaspace       used 42937K, capacity 44400K, committed 44544K, reserved 1087488K
  class space    used 5520K, capacity 5815K, committed 5888K, reserved 1048576K
Event: 7.555 GC heap after
Heap after GC invocations=11 (full 2):
 PSYoungGen      total 140800K, used 10748K [0x000000076b980000, 0x0000000774d80000, 0x00000007c0000000)
  eden space 130048K, 0% used [0x000000076b980000,0x000000076b980000,0x0000000773880000)
  from space 10752K, 99% used [0x0000000773880000,0x00000007742ff130,0x0000000774300000)
  to   space 10752K, 0% used [0x0000000774300000,0x0000000774300000,0x0000000774d80000)
 ParOldGen       total 124928K, used 19687K [0x00000006c2c00000, 0x00000006ca600000, 0x000000076b980000)
  object space 124928K, 15% used [0x00000006c2c00000,0x00000006c3f39de0,0x00000006ca600000)
 Metaspace       used 42937K, capacity 44400K, committed 44544K, reserved 1087488K
  class space    used 5520K, capacity 5815K, committed 5888K, reserved 1048576K
}

