# JRE version: Java(TM) SE Runtime Environment (8.0_151-b12) (build 1.8.0_151-b12)
# Java VM: Java HotSpot(TM) 64-Bit Server VM (25.151-b12 mixed mode windows-amd64 compressed oops)
Heap:
 PSYoungGen      total 241664K, used 90444K [0x00000000eab00000, 0x00000000fb780000, 0x0000000100000000)
  eden space 226816K, 33% used [0x00000000eab00000,0x00000000ef4d68e8,0x00000000f8880000)
  from space 14848K, 99% used [0x00000000f9d00000,0x00000000fab7c8e0,0x00000000fab80000)
  to   space 20992K, 0% used [0x00000000f8880000,0x00000000f8880000,0x00000000f9d00000)
 ParOldGen       total 155136K, used 32620K [0x00000000c0000000, 0x00000000c9780000, 0x00000000eab00000)
  object space 155136K, 21% used [0x00000000c0000000,0x00000000c1fdb380,0x00000000c9780000)
 Metaspace       used 49664K, capacity 50634K, committed 50856K, reserved 1093632K
  class space    used 6800K, capacity 7074K, committed 7088K, reserved 1048576K
GC Heap History (10 events):
Event: 47.204 GC heap before
{Heap before GC invocations=10 (full 2):
 PSYoungGen      total 111104K, used 100352K [0x00000000eab00000, 0x00000000f6300000, 0x0000000100000000)
  eden space 100352K, 100% used [0x00000000eab00000,0x00000000f0d00000,0x00000000f0d00000)
  from space 10752K, 0% used [0x00000000f0d00000,0x00000000f0d00000,0x00000000f1780000)
  to   space 10752K, 0% used [0x00000000f5880000,0x00000000f5880000,0x00000000f6300000)
 ParOldGen       total 155136K, used 16196K [0x00000000c0000000, 0x00000000c9780000, 0x00000000eab00000)
  object space 155136K, 10% used [0x00000000c0000000,0x00000000c0fd1260,0x00000000c9780000)
 Metaspace       used 37276K, capacity 38074K, committed 38184K, reserved 1081344K
  class space    used 5414K, capacity 5646K, committed 5680K, reserved 1048576K
Event: 47.211 GC heap after
Heap after GC invocations=10 (full 2):
 PSYoungGen      total 153088K, used 7347K [0x00000000eab00000, 0x00000000f6000000, 0x0000000100000000)
  eden space 145408K, 0% used [0x00000000eab00000,0x00000000eab00000,0x00000000f3900000)
  from space 7680K, 95% used [0x00000000f5880000,0x00000000f5facc20,0x00000000f6000000)
  to   space 10752K, 0% used [0x00000000f4b00000,0x00000000f4b00000,0x00000000f5580000)
 ParOldGen       total 155136K, used 16204K [0x00000000c0000000, 0x00000000c9780000, 0x00000000eab00000)
  object space 155136K, 10% used [0x00000000c0000000,0x00000000c0fd3260,0x00000000c9780000)
 Metaspace       used 37276K, capacity 38074K, committed 38184K, reserved 1081344K
  class space    used 5414K, capacity 5646K, committed 5680K, reserved 1048576K
}
Event: 48.276 GC heap before
{Heap before GC invocations=11 (full 2):
 PSYoungGen      total 153088K, used 152755K [0x00000000eab00000, 0x00000000f6000000, 0x0000000100000000)
  eden space 145408K, 100% used [0x00000000eab00000,0x00000000f3900000,0x00000000f3900000)
  from space 7680K, 95% used [0x00000000f5880000,0x00000000f5facc20,0x00000000f6000000)
  to   space 10752K, 0% used [0x00000000f4b00000,0x00000000f4b00000,0x00000000f5580000)
 ParOldGen       total 155136K, used 16204K [0x00000000c0000000, 0x00000000c9780000, 0x00000000eab00000)
  object space 155136K, 10% used [0x00000000c0000000,0x00000000c0fd3260,0x00000000c9780000)
 Metaspace       used 39444K, capacity 40258K, committed 40488K, reserved 1083392K
  class space    used 5609K, capacity 5850K, committed 5936K, reserved 1048576K
Event: 48.288 GC heap after
Heap after GC invocations=11 (full 2):
 PSYoungGen      total 174592K, used 10720K [0x00000000eab00000, 0x00000000f7880000, 0x0000000100000000)
  eden space 163840K, 0% used [0x00000000eab00000,0x00000000eab00000,0x00000000f4b00000)
  from space 10752K, 99% used [0x00000000f4b00000,0x00000000f5578030,0x00000000f5580000)
  to   space 12800K, 0% used [0x00000000f6c00000,0x00000000f6c00000,0x00000000f7880000)
 ParOldGen       total 155136K, used 18648K [0x00000000c0000000, 0x00000000c9780000, 0x00000000eab00000)
  object space 155136K, 12% used [0x00000000c0000000,0x00000000c1236128,0x00000000c9780000)
 Metaspace       used 39444K, capacity 40258K, committed 40488K, reserved 1083392K
  class space    used 5609K, capacity 5850K, committed 5936K, reserved 1048576K
}
Event: 49.059 GC heap before
{Heap before GC invocations=12 (full 2):
 PSYoungGen      total 174592K, used 174560K [0x00000000eab00000, 0x00000000f7880000, 0x0000000100000000)
  eden space 163840K, 100% used [0x00000000eab00000,0x00000000f4b00000,0x00000000f4b00000)
  from space 10752K, 99% used [0x00000000f4b00000,0x00000000f5578030,0x00000000f5580000)
  to   space 12800K, 0% used [0x00000000f6c00000,0x00000000f6c00000,0x00000000f7880000)
 ParOldGen       total 155136K, used 18648K [0x00000000c0000000, 0x00000000c9780000, 0x00000000eab00000)
  object space 155136K, 12% used [0x00000000c0000000,0x00000000c1236128,0x00000000c9780000)
 Metaspace       used 39905K, capacity 40742K, committed 41000K, reserved 1085440K
  class space    used 5615K, capacity 5856K, committed 5936K, reserved 1048576K
Event: 49.070 GC heap after
Heap after GC invocations=12 (full 2):
 PSYoungGen      total 197120K, used 11840K [0x00000000eab00000, 0x00000000f9100000, 0x0000000100000000)
  eden space 184320K, 0% used [0x00000000eab00000,0x00000000eab00000,0x00000000f5f00000)
  from space 12800K, 92% used [0x00000000f6c00000,0x00000000f7790030,0x00000000f7880000)
  to   space 13312K, 0% used [0x00000000f5f00000,0x00000000f5f00000,0x00000000f6c00000)
 ParOldGen       total 155136K, used 18656K [0x00000000c0000000, 0x00000000c9780000, 0x00000000eab00000)
  object space 155136K, 12% used [0x00000000c0000000,0x00000000c1238128,0x00000000c9780000)
 Metaspace       used 39905K, capacity 40742K, committed 41000K, reserved 1085440K
  class space    used 5615K, capacity 5856K, committed 5936K, reserved 1048576K
}
Event: 50.423 GC heap before
{Heap before GC invocations=13 (full 2):
 PSYoungGen      total 197120K, used 196160K [0x00000000eab00000, 0x00000000f9100000, 0x0000000100000000)
  eden space 184320K, 100% used [0x00000000eab00000,0x00000000f5f00000,0x00000000f5f00000)
  from space 12800K, 92% used [0x00000000f6c00000,0x00000000f7790030,0x00000000f7880000)
  to   space 13312K, 0% used [0x00000000f5f00000,0x00000000f5f00000,0x00000000f6c00000)
 ParOldGen       total 155136K, used 18656K [0x00000000c0000000, 0x00000000c9780000, 0x00000000eab00000)
  object space 155136K, 12% used [0x00000000c0000000,0x00000000c1238128,0x00000000c9780000)
 Metaspace       used 40872K, capacity 41710K, committed 41896K, reserved 1085440K
  class space    used 5709K, capacity 5964K, committed 6064K, reserved 1048576K
Event: 50.436 GC heap after
Heap after GC invocations=13 (full 2):
 PSYoungGen      total 197632K, used 13280K [0x00000000eab00000, 0x00000000fab80000, 0x0000000100000000)
  eden space 184320K, 0% used [0x00000000eab00000,0x00000000eab00000,0x00000000f5f00000)
  from space 13312K, 99% used [0x00000000f5f00000,0x00000000f6bf8030,0x00000000f6c00000)
  to   space 14848K, 0% used [0x00000000f9d00000,0x00000000f9d00000,0x00000000fab80000)
 ParOldGen       total 155136K, used 19720K [0x00000000c0000000, 0x00000000c9780000, 0x00000000eab00000)
  object space 155136K, 12% used [0x00000000c0000000,0x00000000c13421e8,0x00000000c9780000)
 Metaspace       used 40872K, capacity 41710K, committed 41896K, reserved 1085440K
  class space    used 5709K, capacity 5964K, committed 6064K, reserved 1048576K
}
Event: 52.132 GC heap before
{Heap before GC invocations=14 (full 2):
 PSYoungGen      total 197632K, used 197600K [0x00000000eab00000, 0x00000000fab80000, 0x0000000100000000)
  eden space 184320K, 100% used [0x00000000eab00000,0x00000000f5f00000,0x00000000f5f00000)
  from space 13312K, 99% used [0x00000000f5f00000,0x00000000f6bf8030,0x00000000f6c00000)
  to   space 14848K, 0% used [0x00000000f9d00000,0x00000000f9d00000,0x00000000fab80000)
 ParOldGen       total 155136K, used 19720K [0x00000000c0000000, 0x00000000c9780000, 0x00000000eab00000)
  object space 155136K, 12% used [0x00000000c0000000,0x00000000c13421e8,0x00000000c9780000)
 Metaspace       used 46484K, capacity 47418K, committed 47656K, reserved 1089536K
  class space    used 6393K, capacity 6650K, committed 6704K, reserved 1048576K
Event: 52.150 GC heap after
Heap after GC invocations=14 (full 2):
 PSYoungGen      total 241664K, used 14834K [0x00000000eab00000, 0x00000000fb780000, 0x0000000100000000)
  eden space 226816K, 0% used [0x00000000eab00000,0x00000000eab00000,0x00000000f8880000)
  from space 14848K, 99% used [0x00000000f9d00000,0x00000000fab7c8e0,0x00000000fab80000)
  to   space 20992K, 0% used [0x00000000f8880000,0x00000000f8880000,0x00000000f9d00000)
 ParOldGen       total 155136K, used 32620K [0x00000000c0000000, 0x00000000c9780000, 0x00000000eab00000)
  object space 155136K, 21% used [0x00000000c0000000,0x00000000c1fdb380,0x00000000c9780000)
 Metaspace       used 46484K, capacity 47418K, committed 47656K, reserved 1089536K
  class space    used 6393K, capacity 6650K, committed 6704K, reserved 1048576K
}

